2025-08-18 22:22:50 Loading main app package /usr/lib/obsidian/obsidian.asar
2025-08-18 22:22:50 Checking for update using Github
2025-08-18 22:22:50 Success.
2025-08-18 22:22:50 Latest version is 1.9.10
2025-08-18 22:22:50 Downloading update from https://github.com/obsidianmd/obsidian-releases/releases/download/v1.9.10/obsidian-1.9.10.asar.gz
2025-08-18 22:22:51 Verifying hash & signature. Size= 9033422
2025-08-18 22:22:51 Saving file
2025-08-18 22:22:51 Update complete.
2025-08-20 00:34:13 Loading updated app package /home/ediasv/.config/obsidian/obsidian-1.9.10.asar
2025-08-20 00:34:13 Checking for update using Github
2025-08-20 00:34:13 Success.
2025-08-20 00:34:13 Latest version is 1.9.10
2025-08-20 00:34:13 App is up to date.
2025-08-20 01:38:59 Checking for update using Github
2025-08-20 01:39:00 Success.
2025-08-20 01:39:00 Latest version is 1.9.10
2025-08-20 01:39:00 App is up to date.
2025-08-20 14:16:53 Loading updated app package /home/ediasv/.config/obsidian/obsidian-1.9.10.asar
2025-08-20 14:16:53 Checking for update using Github
2025-08-20 14:16:53 Success.
2025-08-20 14:16:53 Latest version is 1.9.10
2025-08-20 14:16:53 App is up to date.
2025-08-21 15:07:12 Loading updated app package /home/ediasv/.config/obsidian/obsidian-1.9.10.asar
2025-08-21 15:07:12 Checking for update using Github
2025-08-21 15:07:13 Success.
2025-08-21 15:07:13 Latest version is 1.9.10
2025-08-21 15:07:13 App is up to date.
2025-08-26 16:13:07 Loading updated app package /home/ediasv/.config/obsidian/obsidian-1.9.10.asar
2025-08-26 16:13:07 Checking for update using Github
2025-08-26 16:13:08 Success.
2025-08-26 16:13:08 Latest version is 1.9.12
2025-08-26 16:13:08 Downloading update from https://github.com/obsidianmd/obsidian-releases/releases/download/v1.9.12/obsidian-1.9.12.asar.gz
2025-08-26 16:13:11 Verifying hash & signature. Size= 9033321
2025-08-26 16:13:11 Saving file
2025-08-26 16:13:11 Update complete.
2025-08-26 17:30:04 Checking for update using Github
2025-08-26 17:30:04 Success.
2025-08-26 17:30:04 Latest version is 1.9.12
2025-08-26 17:30:04 An update is already downloaded.
2025-09-08 15:49:40 Loading main app package /usr/lib/obsidian/obsidian.asar
2025-09-08 15:49:41 Checking for update using Github
2025-09-08 15:49:41 Success.
2025-09-08 15:49:41 Latest version is 1.9.12
2025-09-08 15:49:41 App is up to date.
2025-09-09 11:32:02 Loading main app package /usr/lib/obsidian/obsidian.asar
2025-09-09 11:32:03 Checking for update using Github
2025-09-09 11:32:03 Success.
2025-09-09 11:32:03 Latest version is 1.9.12
2025-09-09 11:32:03 App is up to date.
2025-09-09 12:32:02 Checking for update using Github
2025-09-09 12:32:03 Success.
2025-09-09 12:32:03 Latest version is 1.9.12
2025-09-09 12:32:03 App is up to date.
2025-09-09 13:32:02 Checking for update using Github
2025-09-09 13:32:02 Success.
2025-09-09 13:32:02 Latest version is 1.9.12
2025-09-09 13:32:02 App is up to date.
2025-09-16 23:39:24 Loading main app package /usr/lib/obsidian/obsidian.asar
2025-09-16 23:39:24 Checking for update using Github
2025-09-16 23:39:25 Success.
2025-09-16 23:39:25 Latest version is 1.9.12
2025-09-16 23:39:25 App is up to date.
2025-09-17 00:39:25 Checking for update using Github
2025-09-17 00:39:25 Success.
2025-09-17 00:39:25 Latest version is 1.9.12
2025-09-17 00:39:25 App is up to date.
2025-09-17 01:39:25 Checking for update using Github
2025-09-17 01:39:25 Success.
2025-09-17 01:39:25 Latest version is 1.9.12
2025-09-17 01:39:25 App is up to date.
2025-09-17 02:40:12 Checking for update using Github
2025-09-17 02:40:12 Success.
2025-09-17 02:40:12 Latest version is 1.9.12
2025-09-17 02:40:12 App is up to date.
2025-09-19 18:17:38 Loading main app package /usr/lib/obsidian/obsidian.asar
2025-09-19 18:17:39 Checking for update using Github
2025-09-19 18:17:39 Success.
2025-09-19 18:17:39 Latest version is 1.9.12
2025-09-19 18:17:39 App is up to date.
2025-09-21 20:56:13 Loading main app package /usr/lib/obsidian/obsidian.asar
2025-09-21 20:56:13 Checking for update using Github
2025-09-21 20:56:13 Success.
2025-09-21 20:56:13 Latest version is 1.9.12
2025-09-21 20:56:13 App is up to date.
2025-09-21 21:56:13 Checking for update using Github
2025-09-21 21:56:13 Success.
2025-09-21 21:56:13 Latest version is 1.9.12
2025-09-21 21:56:13 App is up to date.
2025-09-21 23:05:10 Checking for update using Github
2025-09-21 23:05:10 Success.
2025-09-21 23:05:10 Latest version is 1.9.12
2025-09-21 23:05:10 App is up to date.
2025-09-22 00:05:11 Checking for update using Github
2025-09-22 00:05:11 Success.
2025-09-22 00:05:11 Latest version is 1.9.12
2025-09-22 00:05:11 App is up to date.
2025-09-22 01:58:26 Checking for update using Github
2025-09-22 01:58:26 Success.
2025-09-22 01:58:26 Latest version is 1.9.12
2025-09-22 01:58:26 App is up to date.
2025-09-22 02:58:26 Checking for update using Github
2025-09-22 02:58:26 Success.
2025-09-22 02:58:26 Latest version is 1.9.12
2025-09-22 02:58:26 App is up to date.
2025-09-22 03:58:26 Checking for update using Github
2025-09-22 03:58:26 Success.
2025-09-22 03:58:26 Latest version is 1.9.12
2025-09-22 03:58:26 App is up to date.
2025-10-08 14:29:56 Loading main app package /usr/lib/obsidian/obsidian.asar
2025-10-08 14:29:56 Checking for update using Github
2025-10-08 14:29:56 Success.
2025-10-08 14:29:56 Latest version is 1.9.14
2025-10-08 14:29:56 App is up to date.
2025-10-08 15:29:56 Checking for update using Github
2025-10-08 15:29:56 Success.
2025-10-08 15:29:56 Latest version is 1.9.14
2025-10-08 15:29:56 App is up to date.
2025-10-08 16:29:56 Checking for update using Github
2025-10-08 16:29:56 Success.
2025-10-08 16:29:56 Latest version is 1.9.14
2025-10-08 16:29:56 App is up to date.
2025-10-08 17:29:56 Checking for update using Github
2025-10-08 17:29:56 Success.
2025-10-08 17:29:56 Latest version is 1.9.14
2025-10-08 17:29:56 App is up to date.
2025-11-03 22:23:13 Loading main app package /usr/lib/obsidian/obsidian.asar
2025-11-03 22:23:13 Checking for update using Github
2025-11-03 22:23:13 Success.
2025-11-03 22:23:13 Latest version is 1.9.14
2025-11-03 22:23:13 App is up to date.
2025-11-05 03:30:19 Loading main app package /usr/lib/obsidian/obsidian.asar
2025-11-05 03:30:19 Checking for update using Github
2025-11-05 03:30:19 Success.
2025-11-05 03:30:19 Latest version is 1.9.14
2025-11-05 03:30:19 App is up to date.
2025-11-11 20:45:19 Loading main app package /usr/lib/obsidian/obsidian.asar
2025-11-11 20:45:19 Checking for update using Github
2025-11-11 20:45:19 Success.
2025-11-11 20:45:19 Latest version is 1.10.3
2025-11-11 20:45:19 Downloading update from https://github.com/obsidianmd/obsidian-releases/releases/download/v1.10.3/obsidian-1.10.3.asar.gz
2025-11-11 20:45:20 Verifying hash & signature. Size= 9053948
2025-11-11 20:45:20 Saving file
2025-11-11 20:45:20 Update complete.
2025-11-11 21:45:19 Checking for update using Github
2025-11-11 21:45:19 Success.
2025-11-11 21:45:19 Latest version is 1.10.3
2025-11-11 21:45:19 An update is already downloaded.
2025-11-11 22:45:19 Checking for update using Github
2025-11-11 22:45:19 Success.
2025-11-11 22:45:19 Latest version is 1.10.3
2025-11-11 22:45:19 An update is already downloaded.
2025-11-11 22:53:01 Loading updated app package /home/ediasv/.config/obsidian/obsidian-1.10.3.asar
2025-11-11 22:53:01 Checking for update using Github
2025-11-11 22:53:01 Success.
2025-11-11 22:53:01 Latest version is 1.10.3
2025-11-11 22:53:01 App is up to date.
2025-11-11 22:53:07 Checking for update using Github
2025-11-11 22:53:07 Success.
2025-11-11 22:53:07 Latest version is 1.10.3
2025-11-11 22:53:07 App is up to date.
2025-11-11 22:53:28 Loading updated app package /home/ediasv/.config/obsidian/obsidian-1.10.3.asar
2025-11-11 22:53:28 Checking for update using Github
2025-11-11 22:53:28 Success.
2025-11-11 22:53:28 Latest version is 1.10.3
2025-11-11 22:53:28 App is up to date.
2025-11-11 23:53:28 Checking for update using Github
2025-11-11 23:53:28 Success.
2025-11-11 23:53:28 Latest version is 1.10.3
2025-11-11 23:53:28 App is up to date.
2025-11-12 00:53:28 Checking for update using Github
2025-11-12 00:53:28 Success.
2025-11-12 00:53:28 Latest version is 1.10.3
2025-11-12 00:53:28 App is up to date.
2025-11-12 01:53:28 Checking for update using Github
2025-11-12 01:53:28 Success.
2025-11-12 01:53:28 Latest version is 1.10.3
2025-11-12 01:53:28 App is up to date.
2025-11-12 02:53:28 Checking for update using Github
2025-11-12 02:53:28 Success.
2025-11-12 02:53:28 Latest version is 1.10.3
2025-11-12 02:53:28 App is up to date.
2025-11-12 12:47:03 Loading updated app package /home/ediasv/.config/obsidian/obsidian-1.10.3.asar
2025-11-12 12:47:04 Checking for update using Github
2025-11-12 12:47:04 Success.
2025-11-12 12:47:04 Latest version is 1.10.3
2025-11-12 12:47:04 App is up to date.
2025-11-12 17:08:47 Loading updated app package /home/ediasv/.config/obsidian/obsidian-1.10.3.asar
2025-11-12 17:08:47 Checking for update using Github
2025-11-12 17:08:47 Success.
2025-11-12 17:08:47 Latest version is 1.10.3
2025-11-12 17:08:47 App is up to date.
2025-11-13 00:25:05 Loading updated app package /home/ediasv/.config/obsidian/obsidian-1.10.3.asar
2025-11-13 00:25:06 Checking for update using Github
2025-11-13 00:25:06 Success.
2025-11-13 00:25:06 Latest version is 1.10.3
2025-11-13 00:25:06 App is up to date.
2025-11-13 13:13:31 Loading main app package /usr/lib/obsidian/obsidian.asar
2025-11-13 13:13:32 Checking for update using Github
2025-11-13 13:13:32 Success.
2025-11-13 13:13:32 Latest version is 1.10.3
2025-11-13 13:13:32 App is up to date.
2025-11-13 14:13:31 Checking for update using Github
2025-11-13 14:13:31 Success.
2025-11-13 14:13:31 Latest version is 1.10.3
2025-11-13 14:13:31 App is up to date.
2025-11-13 15:13:31 Checking for update using Github
2025-11-13 15:13:31 Success.
2025-11-13 15:13:31 Latest version is 1.10.3
2025-11-13 15:13:31 App is up to date.
2025-11-13 16:13:31 Checking for update using Github
2025-11-13 16:13:31 Success.
2025-11-13 16:13:31 Latest version is 1.10.3
2025-11-13 16:13:31 App is up to date.
2025-11-13 17:13:31 Checking for update using Github
2025-11-13 17:13:31 Success.
2025-11-13 17:13:31 Latest version is 1.10.3
2025-11-13 17:13:31 App is up to date.
2025-11-13 18:13:31 Checking for update using Github
2025-11-13 18:13:31 Success.
2025-11-13 18:13:31 Latest version is 1.10.3
2025-11-13 18:13:31 App is up to date.
2025-11-13 19:13:31 Checking for update using Github
2025-11-13 19:13:31 Success.
2025-11-13 19:13:31 Latest version is 1.10.3
2025-11-13 19:13:31 App is up to date.
2025-11-13 20:13:31 Checking for update using Github
2025-11-13 20:13:31 Success.
2025-11-13 20:13:31 Latest version is 1.10.3
2025-11-13 20:13:31 App is up to date.
2025-11-14 13:47:44 Loading main app package /usr/lib/obsidian/obsidian.asar
2025-11-14 13:47:44 Checking for update using Github
2025-11-14 13:47:44 Success.
2025-11-14 13:47:44 Latest version is 1.10.3
2025-11-14 13:47:44 App is up to date.
2025-11-14 14:47:44 Checking for update using Github
2025-11-14 14:47:44 Success.
2025-11-14 14:47:44 Latest version is 1.10.3
2025-11-14 14:47:44 App is up to date.
2025-11-16 01:22:07 Loading main app package /usr/lib/obsidian/obsidian.asar
2025-11-16 01:22:08 Checking for update using Github
2025-11-16 01:22:08 Success.
2025-11-16 01:22:08 Latest version is 1.10.3
2025-11-16 01:22:08 App is up to date.
2025-11-16 20:27:30 Loading main app package /usr/lib/obsidian/obsidian.asar
2025-11-16 20:27:31 Checking for update using Github
2025-11-16 20:27:31 Success.
2025-11-16 20:27:31 Latest version is 1.10.3
2025-11-16 20:27:31 App is up to date.
2025-11-16 21:27:30 Checking for update using Github
2025-11-16 21:27:31 Success.
2025-11-16 21:27:31 Latest version is 1.10.3
2025-11-16 21:27:31 App is up to date.
2025-11-16 22:27:30 Checking for update using Github
2025-11-16 22:27:31 Success.
2025-11-16 22:27:31 Latest version is 1.10.3
2025-11-16 22:27:31 App is up to date.
2025-11-16 23:27:30 Checking for update using Github
2025-11-16 23:27:31 Success.
2025-11-16 23:27:31 Latest version is 1.10.3
2025-11-16 23:27:31 App is up to date.
2025-11-17 00:27:30 Checking for update using Github
2025-11-17 00:27:31 Success.
2025-11-17 00:27:31 Latest version is 1.10.3
2025-11-17 00:27:31 App is up to date.
2025-11-17 01:27:30 Checking for update using Github
2025-11-17 01:27:31 Success.
2025-11-17 01:27:31 Latest version is 1.10.3
2025-11-17 01:27:31 App is up to date.
2025-11-17 02:27:30 Checking for update using Github
2025-11-17 02:27:31 Success.
2025-11-17 02:27:31 Latest version is 1.10.3
2025-11-17 02:27:31 App is up to date.
2025-11-17 03:58:23 Loading main app package /usr/lib/obsidian/obsidian.asar
2025-11-17 03:58:23 Checking for update using Github
2025-11-17 03:58:24 Success.
2025-11-17 03:58:24 Latest version is 1.10.3
2025-11-17 03:58:24 App is up to date.
2025-11-17 04:14:42 Loading main app package /usr/lib/obsidian/obsidian.asar
2025-11-17 04:14:42 Checking for update using Github
2025-11-17 04:14:42 Success.
2025-11-17 04:14:42 Latest version is 1.10.3
2025-11-17 04:14:42 App is up to date.
2025-11-17 11:38:56 Loading main app package /usr/lib/obsidian/obsidian.asar
2025-11-17 11:38:56 Checking for update using Github
2025-11-17 11:38:56 Success.
2025-11-17 11:38:56 Latest version is 1.10.3
2025-11-17 11:38:56 App is up to date.
2025-11-17 12:38:56 Checking for update using Github
2025-11-17 12:38:56 Success.
2025-11-17 12:38:56 Latest version is 1.10.3
2025-11-17 12:38:56 App is up to date.
2025-11-17 13:38:56 Checking for update using Github
2025-11-17 13:38:56 Success.
2025-11-17 13:38:56 Latest version is 1.10.3
2025-11-17 13:38:56 App is up to date.
2025-11-17 14:38:56 Checking for update using Github
2025-11-17 14:38:56 Success.
2025-11-17 14:38:56 Latest version is 1.10.3
2025-11-17 14:38:56 App is up to date.
2025-11-17 15:07:38 Loading main app package /usr/lib/obsidian/obsidian.asar
2025-11-17 15:07:38 Checking for update using Github
2025-11-17 15:07:38 Success.
2025-11-17 15:07:38 Latest version is 1.10.3
2025-11-17 15:07:38 App is up to date.
2025-11-17 21:30:15 Checking for update using Github
2025-11-17 21:30:16 Success.
2025-11-17 21:30:16 Latest version is 1.10.3
2025-11-17 21:30:16 App is up to date.
2025-11-17 22:30:15 Checking for update using Github
2025-11-17 22:30:16 Success.
2025-11-17 22:30:16 Latest version is 1.10.3
2025-11-17 22:30:16 App is up to date.
2025-11-17 23:30:15 Checking for update using Github
2025-11-17 23:30:16 Success.
2025-11-17 23:30:16 Latest version is 1.10.3
2025-11-17 23:30:16 App is up to date.
2025-11-18 00:30:15 Checking for update using Github
2025-11-18 00:30:16 Success.
2025-11-18 00:30:16 Latest version is 1.10.3
2025-11-18 00:30:16 App is up to date.
2025-11-18 01:30:15 Checking for update using Github
2025-11-18 01:30:16 Success.
2025-11-18 01:30:16 Latest version is 1.10.3
2025-11-18 01:30:16 App is up to date.
2025-11-18 22:50:50 Loading main app package /usr/lib/obsidian/obsidian.asar
2025-11-18 22:50:50 Checking for update using Github
2025-11-18 22:50:50 Success.
2025-11-18 22:50:50 Latest version is 1.10.3
2025-11-18 22:50:50 App is up to date.
2025-11-18 23:50:50 Checking for update using Github
2025-11-18 23:50:50 Success.
2025-11-18 23:50:50 Latest version is 1.10.3
2025-11-18 23:50:50 App is up to date.
2025-11-19 12:05:41 Loading main app package /usr/lib/obsidian/obsidian.asar
2025-11-19 12:05:41 Checking for update using Github
2025-11-19 12:05:41 Success.
2025-11-19 12:05:41 Latest version is 1.10.3
2025-11-19 12:05:41 App is up to date.
2025-11-19 12:28:52 Loading main app package /usr/lib/obsidian/obsidian.asar
2025-11-19 12:28:52 Checking for update using Github
2025-11-19 16:32:53 Loading main app package /usr/lib/obsidian/obsidian.asar
2025-11-19 16:32:53 Checking for update using Github
2025-11-19 16:32:53 Success.
2025-11-19 16:32:53 Latest version is 1.10.3
2025-11-19 16:32:53 App is up to date.
2025-11-19 17:32:53 Checking for update using Github
2025-11-19 17:32:53 Success.
2025-11-19 17:32:53 Latest version is 1.10.3
2025-11-19 17:32:53 App is up to date.
2025-11-19 18:32:53 Checking for update using Github
2025-11-19 18:32:53 Success.
2025-11-19 18:32:53 Latest version is 1.10.3
2025-11-19 18:32:53 App is up to date.
2025-11-19 19:32:53 Checking for update using Github
2025-11-19 19:32:53 Success.
2025-11-19 19:32:53 Latest version is 1.10.3
2025-11-19 19:32:53 App is up to date.
2025-11-19 20:32:53 Checking for update using Github
2025-11-19 20:32:53 Success.
2025-11-19 20:32:53 Latest version is 1.10.3
2025-11-19 20:32:53 App is up to date.
2025-11-19 21:32:53 Checking for update using Github
2025-11-19 21:32:53 Success.
2025-11-19 21:32:53 Latest version is 1.10.3
2025-11-19 21:32:53 App is up to date.
2025-11-19 22:32:53 Checking for update using Github
2025-11-19 22:32:53 Success.
2025-11-19 22:32:53 Latest version is 1.10.3
2025-11-19 22:32:53 App is up to date.
2025-11-19 23:32:53 Checking for update using Github
2025-11-19 23:32:53 Success.
2025-11-19 23:32:53 Latest version is 1.10.3
2025-11-19 23:32:53 App is up to date.
2025-11-20 00:32:53 Checking for update using Github
2025-11-20 00:32:53 Success.
2025-11-20 00:32:53 Latest version is 1.10.3
2025-11-20 00:32:53 App is up to date.
2025-11-23 17:38:44 Loading main app package /usr/lib/obsidian/obsidian.asar
2025-11-23 17:38:44 Checking for update using Github
2025-11-23 17:38:44 Success.
2025-11-23 17:38:44 Latest version is 1.10.3
2025-11-23 17:38:44 App is up to date.
2025-11-23 21:26:12 Checking for update using Github
2025-11-23 21:26:12 Success.
2025-11-23 21:26:12 Latest version is 1.10.3
2025-11-23 21:26:12 App is up to date.
2025-11-23 22:26:12 Checking for update using Github
2025-11-23 22:26:13 Success.
2025-11-23 22:26:13 Latest version is 1.10.3
2025-11-23 22:26:13 App is up to date.
2025-11-23 23:51:39 Checking for update using Github
2025-11-23 23:51:39 Failed to check for update using Github (Unexpected non-whitespace character after JSON at position 3 (line 1 column 4))
2025-11-23 23:51:39 Checking for update using obsidian.md
2025-11-23 23:51:40 Failed to check for update using obsidian.md (Unexpected end of JSON input)
2025-11-24 00:51:39 Checking for update using Github
2025-11-24 00:51:40 Failed to check for update using Github (Unexpected non-whitespace character after JSON at position 3 (line 1 column 4))
2025-11-24 00:51:40 Checking for update using obsidian.md
2025-11-24 00:51:41 Failed to check for update using obsidian.md (Unexpected end of JSON input)
2025-11-24 01:51:39 Checking for update using Github
2025-11-24 01:51:40 Failed to check for update using Github (Unexpected non-whitespace character after JSON at position 3 (line 1 column 4))
2025-11-24 01:51:40 Checking for update using obsidian.md
2025-11-24 01:51:40 Failed to check for update using obsidian.md (Unexpected end of JSON input)
2025-11-24 01:52:38 Loading main app package /usr/lib/obsidian/obsidian.asar
2025-11-24 01:52:38 Checking for update using Github
2025-11-24 01:52:38 Failed to check for update using Github (Unexpected non-whitespace character after JSON at position 3 (line 1 column 4))
2025-11-24 01:52:38 Checking for update using obsidian.md
2025-11-24 01:52:38 Failed to check for update using obsidian.md (Unexpected end of JSON input)
2025-11-24 02:52:38 Checking for update using Github
2025-11-24 02:52:38 Failed to check for update using Github (Unexpected non-whitespace character after JSON at position 3 (line 1 column 4))
2025-11-24 02:52:38 Checking for update using obsidian.md
2025-11-24 02:52:39 Failed to check for update using obsidian.md (Unexpected end of JSON input)
2025-11-24 03:52:38 Checking for update using Github
2025-11-24 03:52:38 Failed to check for update using Github (Unexpected non-whitespace character after JSON at position 3 (line 1 column 4))
2025-11-24 03:52:38 Checking for update using obsidian.md
2025-11-24 03:52:39 Failed to check for update using obsidian.md (Unexpected end of JSON input)
2025-11-24 04:52:38 Checking for update using Github
2025-11-24 04:52:38 Success.
2025-11-24 04:52:38 Latest version is 1.10.3
2025-11-24 04:52:38 App is up to date.
2025-11-24 05:52:38 Checking for update using Github
2025-11-24 05:52:38 Success.
2025-11-24 05:52:38 Latest version is 1.10.3
2025-11-24 05:52:38 App is up to date.
2025-11-24 06:52:38 Checking for update using Github
2025-11-24 06:52:38 Success.
2025-11-24 06:52:38 Latest version is 1.10.3
2025-11-24 06:52:38 App is up to date.
2025-11-24 07:52:38 Checking for update using Github
2025-11-24 07:52:38 Success.
2025-11-24 07:52:38 Latest version is 1.10.3
2025-11-24 07:52:38 App is up to date.
2025-11-24 08:52:38 Checking for update using Github
2025-11-24 08:52:38 Success.
2025-11-24 08:52:38 Latest version is 1.10.3
2025-11-24 08:52:38 App is up to date.
2025-11-24 09:52:38 Checking for update using Github
2025-11-24 09:52:38 Success.
2025-11-24 09:52:38 Latest version is 1.10.3
2025-11-24 09:52:38 App is up to date.
2025-11-24 10:52:38 Checking for update using Github
2025-11-24 10:52:38 Success.
2025-11-24 10:52:38 Latest version is 1.10.3
2025-11-24 10:52:38 App is up to date.
2025-11-24 11:52:38 Checking for update using Github
2025-11-24 11:52:38 Success.
2025-11-24 11:52:38 Latest version is 1.10.3
2025-11-24 11:52:38 App is up to date.
2025-11-24 12:52:38 Checking for update using Github
2025-11-24 12:52:38 Success.
2025-11-24 12:52:38 Latest version is 1.10.3
2025-11-24 12:52:38 App is up to date.
2025-11-24 13:52:38 Checking for update using Github
2025-11-24 13:52:38 Success.
2025-11-24 13:52:38 Latest version is 1.10.3
2025-11-24 13:52:38 App is up to date.
2025-11-24 14:52:38 Checking for update using Github
2025-11-24 14:52:38 Success.
2025-11-24 14:52:38 Latest version is 1.10.3
2025-11-24 14:52:38 App is up to date.
2025-11-24 18:14:04 Loading main app package /usr/lib/obsidian/obsidian.asar
2025-11-24 18:14:04 Checking for update using Github
2025-11-24 18:14:04 Success.
2025-11-24 18:14:04 Latest version is 1.10.3
2025-11-24 18:14:04 App is up to date.
2025-11-24 19:46:09 Checking for update using Github
2025-11-24 19:46:10 Success.
2025-11-24 19:46:10 Latest version is 1.10.3
2025-11-24 19:46:10 App is up to date.
2025-11-24 22:31:09 Loading main app package /usr/lib/obsidian/obsidian.asar
2025-11-24 22:31:09 Checking for update using Github
2025-11-24 22:31:10 Success.
2025-11-24 22:31:10 Latest version is 1.10.3
2025-11-24 22:31:10 App is up to date.
2025-11-24 23:31:09 Checking for update using Github
2025-11-24 23:31:10 Failed to check for update using Github (Unexpected non-whitespace character after JSON at position 3 (line 1 column 4))
2025-11-24 23:31:10 Checking for update using obsidian.md
2025-11-24 23:31:10 Failed to check for update using obsidian.md (Unexpected end of JSON input)
2025-11-25 00:31:09 Checking for update using Github
2025-11-25 00:31:09 Failed to check for update using Github (Unexpected non-whitespace character after JSON at position 3 (line 1 column 4))
2025-11-25 00:31:09 Checking for update using obsidian.md
2025-11-25 00:31:10 Failed to check for update using obsidian.md (Unexpected end of JSON input)
2025-11-25 01:31:09 Checking for update using Github
2025-11-25 01:31:09 Failed to check for update using Github (Unexpected non-whitespace character after JSON at position 3 (line 1 column 4))
2025-11-25 01:31:09 Checking for update using obsidian.md
2025-11-25 01:31:10 Failed to check for update using obsidian.md (Unexpected end of JSON input)
2025-11-25 02:31:09 Checking for update using Github
2025-11-25 02:31:09 Failed to check for update using Github (Unexpected non-whitespace character after JSON at position 3 (line 1 column 4))
2025-11-25 02:31:09 Checking for update using obsidian.md
2025-11-25 02:31:10 Failed to check for update using obsidian.md (Unexpected end of JSON input)
2025-11-25 11:37:44 Loading main app package /usr/lib/obsidian/obsidian.asar
2025-11-25 11:37:44 Checking for update using Github
2025-11-25 11:37:44 Success.
2025-11-25 11:37:44 Latest version is 1.10.3
2025-11-25 11:37:44 App is up to date.
2025-11-25 12:37:44 Checking for update using Github
2025-11-25 12:37:44 Success.
2025-11-25 12:37:44 Latest version is 1.10.3
2025-11-25 12:37:44 App is up to date.
2025-11-25 14:36:06 Loading main app package /usr/lib/obsidian/obsidian.asar
2025-11-25 14:36:06 Checking for update using Github
2025-11-25 14:36:06 Success.
2025-11-25 14:36:06 Latest version is 1.10.3
2025-11-25 14:36:06 App is up to date.
2025-11-25 23:15:00 Loading main app package /usr/lib/obsidian/obsidian.asar
2025-11-25 23:15:00 Checking for update using Github
2025-11-25 23:15:00 Success.
2025-11-25 23:15:00 Latest version is 1.10.6
2025-11-25 23:15:00 App is up to date.
2025-11-26 00:15:00 Checking for update using Github
2025-11-26 00:15:00 Success.
2025-11-26 00:15:00 Latest version is 1.10.6
2025-11-26 00:15:00 App is up to date.
2025-11-26 01:38:04 Loading main app package /usr/lib/obsidian/obsidian.asar
2025-11-26 01:38:04 Checking for update using Github
2025-11-26 01:38:04 Success.
2025-11-26 01:38:04 Latest version is 1.10.6
2025-11-26 01:38:04 App is up to date.
2025-11-26 02:38:04 Checking for update using Github
2025-11-26 02:38:04 Success.
2025-11-26 02:38:04 Latest version is 1.10.6
2025-11-26 02:38:04 App is up to date.
2025-11-26 13:20:40 Loading main app package /usr/lib/obsidian/obsidian.asar
2025-11-26 13:20:41 Checking for update using Github
2025-11-26 13:20:41 Success.
2025-11-26 13:20:41 Latest version is 1.10.6
2025-11-26 13:20:41 App is up to date.
2025-11-26 14:51:38 Loading main app package /usr/lib/obsidian/obsidian.asar
2025-11-26 14:51:38 Checking for update using Github
2025-11-26 14:51:38 Success.
2025-11-26 14:51:38 Latest version is 1.10.6
2025-11-26 14:51:38 App is up to date.
2025-11-26 15:51:38 Checking for update using Github
2025-11-26 15:51:38 Success.
2025-11-26 15:51:38 Latest version is 1.10.6
2025-11-26 15:51:38 App is up to date.
2025-11-26 16:14:57 Loading main app package /usr/lib/obsidian/obsidian.asar
2025-11-26 16:14:57 Checking for update using Github
2025-11-26 16:14:58 Success.
2025-11-26 16:14:58 Latest version is 1.10.6
2025-11-26 16:14:58 App is up to date.
2025-11-28 17:18:23 Loading main app package /usr/lib/obsidian/obsidian.asar
2025-11-28 17:18:23 Checking for update using Github
2025-11-28 17:18:24 Success.
2025-11-28 17:18:24 Latest version is 1.10.6
2025-11-28 17:18:24 App is up to date.
2025-12-01 15:13:08 Loading main app package /usr/lib/obsidian/obsidian.asar
2025-12-01 15:13:08 Checking for update using Github
2025-12-01 15:13:09 Success.
2025-12-01 15:13:09 Latest version is 1.10.6
2025-12-01 15:13:09 App is up to date.
2025-12-02 10:42:03 Loading main app package /usr/lib/obsidian/obsidian.asar
2025-12-02 10:42:03 Checking for update using Github
2025-12-02 10:42:03 Success.
2025-12-02 10:42:03 Latest version is 1.10.6
2025-12-02 10:42:03 App is up to date.
2025-12-03 01:30:54 Loading main app package /usr/lib/obsidian/obsidian.asar
2025-12-03 01:30:54 Checking for update using Github
2025-12-03 01:30:54 Success.
2025-12-03 01:30:54 Latest version is 1.10.6
2025-12-03 01:30:54 App is up to date.
2025-12-03 14:17:59 Loading main app package /usr/lib/obsidian/obsidian.asar
2025-12-03 14:17:59 Checking for update using Github
2025-12-03 14:17:59 Success.
2025-12-03 14:17:59 Latest version is 1.10.6
2025-12-03 14:17:59 App is up to date.
2025-12-03 15:17:59 Checking for update using Github
2025-12-03 15:17:59 Success.
2025-12-03 15:17:59 Latest version is 1.10.6
2025-12-03 15:17:59 App is up to date.
2025-12-03 16:45:18 Loading main app package /usr/lib/obsidian/obsidian.asar
2025-12-03 16:45:19 Checking for update using Github
2025-12-03 16:45:19 Success.
2025-12-03 16:45:19 Latest version is 1.10.6
2025-12-03 16:45:19 App is up to date.
2025-12-04 14:11:07 Loading main app package /usr/lib/obsidian/obsidian.asar
2025-12-04 14:11:08 Checking for update using Github
2025-12-04 14:11:08 Success.
2025-12-04 14:11:08 Latest version is 1.10.6
2025-12-04 14:11:08 App is up to date.
2025-12-04 15:11:07 Checking for update using Github
2025-12-04 15:11:07 Success.
2025-12-04 15:11:07 Latest version is 1.10.6
2025-12-04 15:11:07 App is up to date.
2025-12-04 16:11:07 Checking for update using Github
2025-12-04 16:11:07 Success.
2025-12-04 16:11:07 Latest version is 1.10.6
2025-12-04 16:11:07 App is up to date.
2025-12-04 17:11:07 Checking for update using Github
2025-12-04 17:11:07 Success.
2025-12-04 17:11:07 Latest version is 1.10.6
2025-12-04 17:11:07 App is up to date.
2025-12-04 18:11:07 Checking for update using Github
2025-12-04 18:11:08 Success.
2025-12-04 18:11:08 Latest version is 1.10.6
2025-12-04 18:11:08 App is up to date.
2025-12-08 17:02:17 Loading main app package /usr/lib/obsidian/obsidian.asar
2025-12-08 17:02:17 Checking for update using Github
2025-12-08 17:02:18 Success.
2025-12-08 17:02:18 Latest version is 1.10.6
2025-12-08 17:02:18 App is up to date.
2025-12-08 17:06:50 Checking for update using Github
2025-12-08 17:06:50 Success.
2025-12-08 17:06:50 Latest version is 1.10.6
2025-12-08 17:06:50 App is up to date.
2025-12-08 22:26:52 Loading main app package /usr/lib/obsidian/obsidian.asar
2025-12-08 22:26:53 Checking for update using Github
2025-12-08 22:26:53 Success.
2025-12-08 22:26:53 Latest version is 1.10.6
2025-12-08 22:26:53 App is up to date.
2025-12-08 23:26:52 Checking for update using Github
2025-12-08 23:26:53 Success.
2025-12-08 23:26:53 Latest version is 1.10.6
2025-12-08 23:26:53 App is up to date.
2025-12-09 00:26:52 Checking for update using Github
2025-12-09 00:26:53 Success.
2025-12-09 00:26:53 Latest version is 1.10.6
2025-12-09 00:26:53 App is up to date.
2025-12-09 01:26:52 Checking for update using Github
2025-12-09 01:26:53 Success.
2025-12-09 01:26:53 Latest version is 1.10.6
2025-12-09 01:26:53 App is up to date.
2025-12-10 04:35:41 Loading main app package /usr/lib/obsidian/obsidian.asar
2025-12-10 04:35:41 Checking for update using Github
2025-12-10 04:35:42 Success.
2025-12-10 04:35:42 Latest version is 1.10.6
2025-12-10 04:35:42 App is up to date.
2025-12-10 15:01:04 Loading main app package /usr/lib/obsidian/obsidian.asar
2025-12-10 15:01:04 Checking for update using Github
2025-12-10 15:01:04 Success.
2025-12-10 15:01:04 Latest version is 1.10.6
2025-12-10 15:01:04 App is up to date.
2025-12-10 16:01:04 Checking for update using Github
2025-12-10 16:01:04 Success.
2025-12-10 16:01:04 Latest version is 1.10.6
2025-12-10 16:01:04 App is up to date.
2025-12-10 17:01:04 Checking for update using Github
2025-12-10 17:01:04 Success.
2025-12-10 17:01:04 Latest version is 1.10.6
2025-12-10 17:01:04 App is up to date.
2025-12-10 18:01:04 Checking for update using Github
2025-12-10 18:01:04 Success.
2025-12-10 18:01:04 Latest version is 1.10.6
2025-12-10 18:01:04 App is up to date.
2025-12-10 19:01:04 Checking for update using Github
2025-12-10 19:01:04 Success.
2025-12-10 19:01:04 Latest version is 1.10.6
2025-12-10 19:01:04 App is up to date.
2025-12-10 20:01:04 Checking for update using Github
2025-12-10 20:01:04 Failed to check for update using Github (net::ERR_CERT_COMMON_NAME_INVALID)
2025-12-10 20:01:04 Checking for update using obsidian.md
2025-12-10 20:01:04 Failed to check for update using obsidian.md (net::ERR_CERT_COMMON_NAME_INVALID)
2025-12-10 21:01:04 Checking for update using Github
2025-12-10 21:01:04 Failed to check for update using Github (net::ERR_CERT_COMMON_NAME_INVALID)
2025-12-10 21:01:04 Checking for update using obsidian.md
2025-12-10 21:01:04 Failed to check for update using obsidian.md (net::ERR_CERT_COMMON_NAME_INVALID)
2025-12-12 03:19:32 Loading main app package /usr/lib/obsidian/obsidian.asar
2025-12-12 03:19:32 Checking for update using Github
2025-12-12 03:19:32 Success.
2025-12-12 03:19:32 Latest version is 1.10.6
2025-12-12 03:19:32 App is up to date.
2025-12-12 04:19:32 Checking for update using Github
2025-12-12 04:19:32 Success.
2025-12-12 04:19:32 Latest version is 1.10.6
2025-12-12 04:19:32 App is up to date.
2025-12-15 12:34:36 Loading main app package /usr/lib/obsidian/obsidian.asar
2025-12-15 12:34:37 Checking for update using Github
2025-12-15 12:34:37 Success.
2025-12-15 12:34:37 Latest version is 1.10.6
2025-12-15 12:34:37 App is up to date.
2025-12-15 13:21:52 Loading main app package /usr/lib/obsidian/obsidian.asar
2025-12-15 13:21:52 Checking for update using Github
2025-12-15 13:21:52 Success.
2025-12-15 13:21:52 Latest version is 1.10.6
2025-12-15 13:21:52 App is up to date.
2025-12-15 14:21:52 Checking for update using Github
2025-12-15 14:21:52 Success.
2025-12-15 14:21:52 Latest version is 1.10.6
2025-12-15 14:21:52 App is up to date.
2025-12-15 15:21:52 Checking for update using Github
2025-12-15 15:21:52 Success.
2025-12-15 15:21:52 Latest version is 1.10.6
2025-12-15 15:21:52 App is up to date.
2025-12-15 16:21:52 Checking for update using Github
2025-12-15 16:21:52 Failed to check for update using Github (net::ERR_INTERNET_DISCONNECTED)
2025-12-15 16:21:52 Checking for update using obsidian.md
2025-12-15 16:21:52 Failed to check for update using obsidian.md (net::ERR_INTERNET_DISCONNECTED)
2025-12-15 16:47:33 Loading main app package /usr/lib/obsidian/obsidian.asar
2025-12-15 16:47:33 Checking for update using Github
2025-12-15 16:47:33 Success.
2025-12-15 16:47:33 Latest version is 1.10.6
2025-12-15 16:47:33 App is up to date.
2025-12-15 17:47:33 Checking for update using Github
2025-12-15 17:47:33 Success.
2025-12-15 17:47:33 Latest version is 1.10.6
2025-12-15 17:47:33 App is up to date.
2025-12-15 18:47:33 Checking for update using Github
2025-12-15 18:47:33 Success.
2025-12-15 18:47:33 Latest version is 1.10.6
2025-12-15 18:47:33 App is up to date.
2025-12-15 19:47:33 Checking for update using Github
2025-12-15 19:47:33 Success.
2025-12-15 19:47:33 Latest version is 1.10.6
2025-12-15 19:47:33 App is up to date.
2025-12-15 20:47:33 Checking for update using Github
2025-12-15 20:47:33 Success.
2025-12-15 20:47:33 Latest version is 1.10.6
2025-12-15 20:47:33 App is up to date.
2025-12-15 21:47:33 Checking for update using Github
2025-12-15 21:47:33 Success.
2025-12-15 21:47:33 Latest version is 1.10.6
2025-12-15 21:47:33 App is up to date.
2025-12-15 22:47:33 Checking for update using Github
2025-12-15 22:47:33 Success.
2025-12-15 22:47:33 Latest version is 1.10.6
2025-12-15 22:47:33 App is up to date.
2025-12-16 12:00:16 Loading main app package /usr/lib/obsidian/obsidian.asar
2025-12-16 12:00:16 Checking for update using Github
2025-12-16 12:00:16 Success.
2025-12-16 12:00:16 Latest version is 1.10.6
2025-12-16 12:00:16 App is up to date.
2025-12-16 13:00:16 Checking for update using Github
2025-12-16 13:00:16 Success.
2025-12-16 13:00:16 Latest version is 1.10.6
2025-12-16 13:00:16 App is up to date.
2025-12-16 14:00:16 Checking for update using Github
2025-12-16 14:00:16 Success.
2025-12-16 14:00:16 Latest version is 1.10.6
2025-12-16 14:00:16 App is up to date.
2025-12-16 15:00:16 Checking for update using Github
2025-12-16 15:00:16 Success.
2025-12-16 15:00:16 Latest version is 1.10.6
2025-12-16 15:00:16 App is up to date.
2025-12-16 16:00:16 Checking for update using Github
2025-12-16 16:00:16 Success.
2025-12-16 16:00:16 Latest version is 1.10.6
2025-12-16 16:00:16 App is up to date.
2025-12-16 17:00:16 Checking for update using Github
2025-12-16 17:00:16 Success.
2025-12-16 17:00:16 Latest version is 1.10.6
2025-12-16 17:00:16 App is up to date.
2025-12-16 18:00:16 Checking for update using Github
2025-12-16 18:00:16 Success.
2025-12-16 18:00:16 Latest version is 1.10.6
2025-12-16 18:00:16 App is up to date.
2025-12-16 19:00:16 Checking for update using Github
2025-12-16 19:00:16 Success.
2025-12-16 19:00:16 Latest version is 1.10.6
2025-12-16 19:00:16 App is up to date.
2025-12-17 15:04:31 Loading main app package /usr/lib/obsidian/obsidian.asar
2025-12-17 15:04:31 Checking for update using Github
2025-12-17 15:04:31 Success.
2025-12-17 15:04:31 Latest version is 1.10.6
2025-12-17 15:04:31 App is up to date.
2025-12-17 16:04:31 Checking for update using Github
2025-12-17 16:04:31 Success.
2025-12-17 16:04:31 Latest version is 1.10.6
2025-12-17 16:04:31 App is up to date.
2025-12-17 17:04:31 Checking for update using Github
2025-12-17 17:04:31 Success.
2025-12-17 17:04:31 Latest version is 1.10.6
2025-12-17 17:04:31 App is up to date.
2025-12-17 18:04:31 Checking for update using Github
2025-12-17 18:04:31 Success.
2025-12-17 18:04:31 Latest version is 1.10.6
2025-12-17 18:04:31 App is up to date.
2025-12-17 20:05:02 Loading main app package /usr/lib/obsidian/obsidian.asar
2025-12-17 20:05:03 Checking for update using Github
2025-12-17 20:05:03 Success.
2025-12-17 20:05:03 Latest version is 1.10.6
2025-12-17 20:05:03 App is up to date.
2025-12-18 13:42:10 Loading main app package /usr/lib/obsidian/obsidian.asar
2025-12-18 13:42:10 Checking for update using Github
2025-12-18 13:42:10 Success.
2025-12-18 13:42:10 Latest version is 1.10.6
2025-12-18 13:42:10 App is up to date.
2025-12-18 16:47:43 Loading main app package /usr/lib/obsidian/obsidian.asar
2025-12-18 16:47:43 Checking for update using Github
2025-12-18 16:47:43 Success.
2025-12-18 16:47:43 Latest version is 1.10.6
2025-12-18 16:47:43 App is up to date.
2025-12-18 17:47:43 Checking for update using Github
2025-12-18 17:47:43 Success.
2025-12-18 17:47:43 Latest version is 1.10.6
2025-12-18 17:47:43 App is up to date.
2025-12-18 18:06:42 Loading main app package /usr/lib/obsidian/obsidian.asar
2025-12-18 18:06:42 Checking for update using Github
2025-12-22 14:51:52 Loading main app package /usr/lib/obsidian/obsidian.asar
2025-12-22 14:51:53 Checking for update using Github
2025-12-22 14:51:53 Success.
2025-12-22 14:51:53 Latest version is 1.10.6
2025-12-22 14:51:53 App is up to date.
2026-01-06 11:47:52 Loading main app package /usr/lib/obsidian/obsidian.asar
2026-01-06 11:47:53 Checking for update using Github
2026-01-06 11:47:53 Success.
2026-01-06 11:47:53 Latest version is 1.10.6
2026-01-06 11:47:53 App is up to date.
2026-01-06 17:27:16 Loading main app package /usr/lib/obsidian/obsidian.asar
2026-01-06 17:27:16 Checking for update using Github
2026-01-06 17:27:17 Success.
2026-01-06 17:27:17 Latest version is 1.10.6
2026-01-06 17:27:17 App is up to date.
2026-01-06 18:27:16 Checking for update using Github
2026-01-06 18:27:16 Success.
2026-01-06 18:27:16 Latest version is 1.10.6
2026-01-06 18:27:16 App is up to date.
2026-01-06 19:27:16 Checking for update using Github
2026-01-06 19:27:16 Success.
2026-01-06 19:27:16 Latest version is 1.10.6
2026-01-06 19:27:16 App is up to date.
2026-01-06 20:27:16 Checking for update using Github
2026-01-06 20:27:16 Success.
2026-01-06 20:27:16 Latest version is 1.10.6
2026-01-06 20:27:16 App is up to date.
2026-01-06 21:27:16 Checking for update using Github
2026-01-06 21:27:16 Success.
2026-01-06 21:27:16 Latest version is 1.10.6
2026-01-06 21:27:16 App is up to date.
2026-01-07 13:17:30 Loading main app package /usr/lib/obsidian/obsidian.asar
2026-01-07 13:17:30 Checking for update using Github
2026-01-07 13:17:31 Success.
2026-01-07 13:17:31 Latest version is 1.10.6
2026-01-07 13:17:31 App is up to date.
2026-01-07 14:17:30 Checking for update using Github
2026-01-07 14:17:30 Success.
2026-01-07 14:17:30 Latest version is 1.10.6
2026-01-07 14:17:30 App is up to date.
2026-01-08 19:43:50 Loading main app package /usr/lib/obsidian/obsidian.asar
2026-01-08 19:43:50 Checking for update using Github
2026-01-08 19:43:50 Success.
2026-01-08 19:43:50 Latest version is 1.10.6
2026-01-08 19:43:50 App is up to date.
2026-01-08 20:43:50 Checking for update using Github
2026-01-08 20:43:50 Success.
2026-01-08 20:43:50 Latest version is 1.10.6
2026-01-08 20:43:50 App is up to date.
2026-01-08 21:43:50 Checking for update using Github
2026-01-08 21:43:50 Success.
2026-01-08 21:43:50 Latest version is 1.10.6
2026-01-08 21:43:50 App is up to date.
2026-01-09 02:26:03 Loading main app package /usr/lib/obsidian/obsidian.asar
2026-01-09 02:26:03 Checking for update using Github
2026-01-09 02:26:03 Success.
2026-01-09 02:26:03 Latest version is 1.10.6
2026-01-09 02:26:03 App is up to date.
2026-01-09 11:46:04 Loading main app package /usr/lib/obsidian/obsidian.asar
2026-01-09 11:46:05 Checking for update using Github
2026-01-09 11:46:05 Success.
2026-01-09 11:46:05 Latest version is 1.10.6
2026-01-09 11:46:05 App is up to date.
2026-01-09 12:46:04 Checking for update using Github
2026-01-09 12:46:05 Success.
2026-01-09 12:46:05 Latest version is 1.10.6
2026-01-09 12:46:05 App is up to date.
2026-01-09 16:43:22 Loading main app package /usr/lib/obsidian/obsidian.asar
2026-01-09 16:43:22 Checking for update using Github
2026-01-09 16:43:22 Success.
2026-01-09 16:43:22 Latest version is 1.10.6
2026-01-09 16:43:22 App is up to date.
2026-01-12 03:27:51 Loading main app package /usr/lib/obsidian/obsidian.asar
2026-01-12 03:27:51 Checking for update using Github
2026-01-12 03:27:51 Success.
2026-01-12 03:27:51 Latest version is 1.10.6
2026-01-12 03:27:51 App is up to date.
2026-01-12 11:36:59 Loading main app package /usr/lib/obsidian/obsidian.asar
2026-01-12 11:36:59 Checking for update using Github
2026-01-12 11:36:59 Success.
2026-01-12 11:36:59 Latest version is 1.10.6
2026-01-12 11:36:59 App is up to date.
2026-01-12 12:36:59 Checking for update using Github
2026-01-12 12:36:59 Success.
2026-01-12 12:36:59 Latest version is 1.10.6
2026-01-12 12:36:59 App is up to date.
2026-01-12 13:36:59 Checking for update using Github
2026-01-12 13:36:59 Success.
2026-01-12 13:36:59 Latest version is 1.10.6
2026-01-12 13:36:59 App is up to date.
2026-01-12 14:36:59 Checking for update using Github
2026-01-12 14:36:59 Success.
2026-01-12 14:36:59 Latest version is 1.10.6
2026-01-12 14:36:59 App is up to date.
2026-01-12 15:36:59 Checking for update using Github
2026-01-12 15:36:59 Success.
2026-01-12 15:36:59 Latest version is 1.11.4
2026-01-12 15:36:59 Downloading update from https://github.com/obsidianmd/obsidian-releases/releases/download/v1.11.4/obsidian-1.11.4.asar.gz
2026-01-12 15:36:59 Verifying hash & signature. Size= 8769455
2026-01-12 15:36:59 Saving file
2026-01-12 15:36:59 Update complete.
2026-01-12 16:36:59 Checking for update using Github
2026-01-12 16:36:59 Success.
2026-01-12 16:36:59 Latest version is 1.11.4
2026-01-12 16:36:59 An update is already downloaded.
2026-01-12 17:51:21 Loading updated app package /home/ediasv/.config/obsidian/obsidian-1.11.4.asar
2026-01-12 17:51:22 Checking for update using Github
2026-01-12 17:51:22 Success.
2026-01-12 17:51:22 Latest version is 1.11.4
2026-01-12 17:51:22 App is up to date.
2026-01-12 18:51:21 Checking for update using Github
2026-01-12 18:51:21 Success.
2026-01-12 18:51:21 Latest version is 1.11.4
2026-01-12 18:51:21 App is up to date.
2026-01-13 11:28:41 Loading updated app package /home/ediasv/.config/obsidian/obsidian-1.11.4.asar
2026-01-13 11:28:41 Checking for update using Github
2026-01-13 11:28:41 Success.
2026-01-13 11:28:41 Latest version is 1.11.4
2026-01-13 11:28:41 App is up to date.
2026-01-13 12:28:41 Checking for update using Github
2026-01-13 12:28:41 Success.
2026-01-13 12:28:41 Latest version is 1.11.4
2026-01-13 12:28:41 App is up to date.
2026-01-13 13:28:41 Checking for update using Github
2026-01-13 13:28:41 Success.
2026-01-13 13:28:41 Latest version is 1.11.4
2026-01-13 13:28:41 App is up to date.
2026-01-16 14:26:46 Loading updated app package /home/ediasv/.config/obsidian/obsidian-1.11.4.asar
2026-01-16 14:26:46 Checking for update using Github
2026-01-16 14:26:46 Success.
2026-01-16 14:26:46 Latest version is 1.11.4
2026-01-16 14:26:46 App is up to date.
2026-01-16 15:26:46 Checking for update using Github
2026-01-16 15:26:46 Success.
2026-01-16 15:26:46 Latest version is 1.11.4
2026-01-16 15:26:46 App is up to date.
2026-01-16 16:26:46 Checking for update using Github
2026-01-16 16:26:46 Success.
2026-01-16 16:26:46 Latest version is 1.11.4
2026-01-16 16:26:46 App is up to date.
2026-01-16 17:26:46 Checking for update using Github
2026-01-16 17:26:46 Success.
2026-01-16 17:26:46 Latest version is 1.11.4
2026-01-16 17:26:46 App is up to date.
2026-01-16 18:26:46 Checking for update using Github
2026-01-16 18:26:46 Success.
2026-01-16 18:26:46 Latest version is 1.11.4
2026-01-16 18:26:46 App is up to date.
2026-01-16 19:26:46 Checking for update using Github
2026-01-16 19:26:46 Success.
2026-01-16 19:26:46 Latest version is 1.11.4
2026-01-16 19:26:46 App is up to date.
2026-01-16 21:26:25 Loading updated app package /home/ediasv/.config/obsidian/obsidian-1.11.4.asar
2026-01-16 21:26:25 Checking for update using Github
2026-01-16 21:26:26 Success.
2026-01-16 21:26:26 Latest version is 1.11.4
2026-01-16 21:26:26 App is up to date.
